<?xml version="1.0" encoding="UTF-8"?>
<testsuite xmlns:xsi="http://www.w3.org/2001/XMLSchema-instance" xsi:noNamespaceSchemaLocation="https://maven.apache.org/surefire/maven-surefire-plugin/xsd/surefire-test-report-3.0.xsd" version="3.0" name="ITemplateTest" time="0.132" tests="4" errors="0" skipped="0" failures="0">
  <properties>
[...]
</properties>
  <testcase name="tokensDontMatchExceptionTest1" classname="ITemplateTest" time="0.086"/>
  <testcase name="tokensDontMatchExceptionTest2" classname="ITemplateTest" time="0.006"/>
  <testcase name="tokensDontMatchExceptionTest3" classname="ITemplateTest" time="0.002"/>
  <testcase name="simpleStringTemplateTest" classname="ITemplateTest" time="0.005"/>
</testsuite>